This file contains any messages produced by compilers while
running configure, to aid debugging if configure makes a mistake.

It was created by configure, which was
generated by GNU Autoconf 2.59.  Invocation command line was

  $ ./configure 

## --------- ##
## Platform. ##
## --------- ##

hostname = linux
uname -m = i686
uname -r = 2.6.15-26-386
uname -s = Linux
uname -v = #1 PREEMPT Thu Aug 3 02:52:00 UTC 2006

/usr/bin/uname -p = unknown
/bin/uname -X     = unknown

/bin/arch              = i686
/usr/bin/arch -k       = unknown
/usr/convex/getsysinfo = unknown
hostinfo               = unknown
/bin/machine           = unknown
/usr/bin/oslevel       = unknown
/bin/universe          = unknown

PATH: /usr/local/sbin
PATH: /usr/local/bin
PATH: /usr/sbin
PATH: /usr/bin
PATH: /sbin
PATH: /bin
PATH: /usr/bin/X11
PATH: /usr/games


## ----------- ##
## Core tests. ##
## ----------- ##

configure:1536: checking for a BSD-compatible install
configure:1591: result: /usr/bin/install -c
configure:1602: checking whether build environment is sane
configure:1645: result: yes
configure:1660: checking whether make sets $(MAKE)
configure:1680: result: yes
configure:1712: checking for working aclocal-1.4
configure:1719: result: found
configure:1727: checking for working autoconf
configure:1734: result: found
configure:1742: checking for working automake-1.4
configure:1749: result: found
configure:1757: checking for working autoheader
configure:1764: result: found
configure:1772: checking for working makeinfo
configure:1783: result: missing
configure:1793: checking whether to enable maintainer-specific portions of Makefiles
configure:1802: result: no
configure:1863: checking for gcc
configure:1879: found /usr/bin/gcc
configure:1889: result: gcc
configure:2133: checking for C compiler version
configure:2136: gcc --version </dev/null >&5
gcc (GCC) 4.0.3 (Ubuntu 4.0.3-1ubuntu5)
Copyright (C) 2006 Free Software Foundation, Inc.
This is free software; see the source for copying conditions.  There is NO
warranty; not even for MERCHANTABILITY or FITNESS FOR A PARTICULAR PURPOSE.

configure:2139: $? = 0
configure:2141: gcc -v </dev/null >&5
Using built-in specs.
Target: i486-linux-gnu
Configured with: ../src/configure -v --enable-languages=c,c++,java,f95,objc,ada,treelang --prefix=/usr --enable-shared --with-system-zlib --libexecdir=/usr/lib --without-included-gettext --enable-threads=posix --enable-nls --program-suffix=-4.0 --enable-__cxa_atexit --enable-clocale=gnu --enable-libstdcxx-debug --enable-java-awt=gtk-default --enable-gtk-cairo --with-java-home=/usr/lib/jvm/java-1.4.2-gcj-4.0-1.4.2.0/jre --enable-mpfr --disable-werror --with-tune=pentium4 --enable-checking=release i486-linux-gnu
Thread model: posix
gcc version 4.0.3 (Ubuntu 4.0.3-1ubuntu5)
configure:2144: $? = 0
configure:2146: gcc -V </dev/null >&5
gcc: '-V' option must have argument
configure:2149: $? = 1
configure:2172: checking for C compiler default output file name
configure:2175: gcc    conftest.c  >&5
configure:2178: $? = 0
configure:2224: result: a.out
configure:2229: checking whether the C compiler works
configure:2235: ./a.out
configure:2238: $? = 0
configure:2255: result: yes
configure:2262: checking whether we are cross compiling
configure:2264: result: no
configure:2267: checking for suffix of executables
configure:2269: gcc -o conftest    conftest.c  >&5
configure:2272: $? = 0
configure:2297: result: 
configure:2303: checking for suffix of object files
configure:2324: gcc -c   conftest.c >&5
configure:2327: $? = 0
configure:2349: result: o
configure:2353: checking whether we are using the GNU C compiler
configure:2377: gcc -c   conftest.c >&5
configure:2383: $? = 0
configure:2386: test -z 			 || test ! -s conftest.err
configure:2389: $? = 0
configure:2392: test -s conftest.o
configure:2395: $? = 0
configure:2408: result: yes
configure:2414: checking whether gcc accepts -g
configure:2435: gcc -c -g  conftest.c >&5
configure:2441: $? = 0
configure:2444: test -z 			 || test ! -s conftest.err
configure:2447: $? = 0
configure:2450: test -s conftest.o
configure:2453: $? = 0
configure:2464: result: yes
configure:2481: checking for gcc option to accept ANSI C
configure:2551: gcc  -c -g -O2  conftest.c >&5
configure:2557: $? = 0
configure:2560: test -z 			 || test ! -s conftest.err
configure:2563: $? = 0
configure:2566: test -s conftest.o
configure:2569: $? = 0
configure:2587: result: none needed
configure:2605: gcc -c -g -O2  conftest.c >&5
conftest.c:2: error: syntax error before 'me'
configure:2611: $? = 1
configure: failed program was:
| #ifndef __cplusplus
|   choke me
| #endif
configure:2743: checking for strerror in -lcposix
configure:2773: gcc -o conftest -g -O2   conftest.c -lcposix   >&5
/usr/bin/ld: cannot find -lcposix
collect2: ld returned 1 exit status
configure:2779: $? = 1
configure: failed program was:
| /* confdefs.h.  */
| 
| #define PACKAGE_NAME ""
| #define PACKAGE_TARNAME ""
| #define PACKAGE_VERSION ""
| #define PACKAGE_STRING ""
| #define PACKAGE_BUGREPORT ""
| #define PACKAGE "AntBattleServer"
| #define VERSION "0.5.3"
| /* end confdefs.h.  */
| 
| /* Override any gcc2 internal prototype to avoid an error.  */
| #ifdef __cplusplus
| extern "C"
| #endif
| /* We use char because int might match the return type of a gcc2
|    builtin and then its argument prototype would still apply.  */
| char strerror ();
| int
| main ()
| {
| strerror ();
|   ;
|   return 0;
| }
configure:2804: result: no
configure:2858: checking for gcc
configure:2884: result: gcc
configure:3128: checking for C compiler version
configure:3131: gcc --version </dev/null >&5
gcc (GCC) 4.0.3 (Ubuntu 4.0.3-1ubuntu5)
Copyright (C) 2006 Free Software Foundation, Inc.
This is free software; see the source for copying conditions.  There is NO
warranty; not even for MERCHANTABILITY or FITNESS FOR A PARTICULAR PURPOSE.

configure:3134: $? = 0
configure:3136: gcc -v </dev/null >&5
Using built-in specs.
Target: i486-linux-gnu
Configured with: ../src/configure -v --enable-languages=c,c++,java,f95,objc,ada,treelang --prefix=/usr --enable-shared --with-system-zlib --libexecdir=/usr/lib --without-included-gettext --enable-threads=posix --enable-nls --program-suffix=-4.0 --enable-__cxa_atexit --enable-clocale=gnu --enable-libstdcxx-debug --enable-java-awt=gtk-default --enable-gtk-cairo --with-java-home=/usr/lib/jvm/java-1.4.2-gcj-4.0-1.4.2.0/jre --enable-mpfr --disable-werror --with-tune=pentium4 --enable-checking=release i486-linux-gnu
Thread model: posix
gcc version 4.0.3 (Ubuntu 4.0.3-1ubuntu5)
configure:3139: $? = 0
configure:3141: gcc -V </dev/null >&5
gcc: '-V' option must have argument
configure:3144: $? = 1
configure:3147: checking whether we are using the GNU C compiler
configure:3202: result: yes
configure:3208: checking whether gcc accepts -g
configure:3258: result: yes
configure:3275: checking for gcc option to accept ANSI C
configure:3381: result: none needed
configure:3399: gcc -c -g -O2  conftest.c >&5
conftest.c:2: error: syntax error before 'me'
configure:3405: $? = 1
configure: failed program was:
| #ifndef __cplusplus
|   choke me
| #endif
configure:3538: checking for gcc option to accept ANSI C
configure:3600: gcc  -c -g -O2  conftest.c >&5
configure:3606: $? = 0
configure:3609: test -z 			 || test ! -s conftest.err
configure:3612: $? = 0
configure:3615: test -s conftest.o
configure:3618: $? = 0
configure:3633: result: none needed
configure:3649: checking how to run the C preprocessor
configure:3684: gcc -E  conftest.c
configure:3690: $? = 0
configure:3722: gcc -E  conftest.c
conftest.c:11:28: error: ac_nonexistent.h: No such file or directory
configure:3728: $? = 1
configure: failed program was:
| /* confdefs.h.  */
| 
| #define PACKAGE_NAME ""
| #define PACKAGE_TARNAME ""
| #define PACKAGE_VERSION ""
| #define PACKAGE_STRING ""
| #define PACKAGE_BUGREPORT ""
| #define PACKAGE "AntBattleServer"
| #define VERSION "0.5.3"
| /* end confdefs.h.  */
| #include <ac_nonexistent.h>
configure:3767: result: gcc -E
configure:3791: gcc -E  conftest.c
configure:3797: $? = 0
configure:3829: gcc -E  conftest.c
conftest.c:11:28: error: ac_nonexistent.h: No such file or directory
configure:3835: $? = 1
configure: failed program was:
| /* confdefs.h.  */
| 
| #define PACKAGE_NAME ""
| #define PACKAGE_TARNAME ""
| #define PACKAGE_VERSION ""
| #define PACKAGE_STRING ""
| #define PACKAGE_BUGREPORT ""
| #define PACKAGE "AntBattleServer"
| #define VERSION "0.5.3"
| /* end confdefs.h.  */
| #include <ac_nonexistent.h>
configure:3879: checking for egrep
configure:3889: result: grep -E
configure:3894: checking for ANSI C header files
configure:3919: gcc -c -g -O2  conftest.c >&5
configure:3925: $? = 0
configure:3928: test -z 			 || test ! -s conftest.err
configure:3931: $? = 0
configure:3934: test -s conftest.o
configure:3937: $? = 0
configure:4026: gcc -o conftest -g -O2   conftest.c  >&5
conftest.c: In function 'main':
conftest.c:28: warning: incompatible implicit declaration of built-in function 'exit'
configure:4029: $? = 0
configure:4031: ./conftest
configure:4034: $? = 0
configure:4049: result: yes
configure:4065: checking how to run the C preprocessor
configure:4183: result: gcc -E
configure:4207: gcc -E  conftest.c
configure:4213: $? = 0
configure:4245: gcc -E  conftest.c
conftest.c:12:28: error: ac_nonexistent.h: No such file or directory
configure:4251: $? = 1
configure: failed program was:
| /* confdefs.h.  */
| 
| #define PACKAGE_NAME ""
| #define PACKAGE_TARNAME ""
| #define PACKAGE_VERSION ""
| #define PACKAGE_STRING ""
| #define PACKAGE_BUGREPORT ""
| #define PACKAGE "AntBattleServer"
| #define VERSION "0.5.3"
| #define STDC_HEADERS 1
| /* end confdefs.h.  */
| #include <ac_nonexistent.h>
configure:4346: checking for g++
configure:4362: found /usr/bin/g++
configure:4372: result: g++
configure:4388: checking for C++ compiler version
configure:4391: g++ --version </dev/null >&5
g++ (GCC) 4.0.3 (Ubuntu 4.0.3-1ubuntu5)
Copyright (C) 2006 Free Software Foundation, Inc.
This is free software; see the source for copying conditions.  There is NO
warranty; not even for MERCHANTABILITY or FITNESS FOR A PARTICULAR PURPOSE.

configure:4394: $? = 0
configure:4396: g++ -v </dev/null >&5
Using built-in specs.
Target: i486-linux-gnu
Configured with: ../src/configure -v --enable-languages=c,c++,java,f95,objc,ada,treelang --prefix=/usr --enable-shared --with-system-zlib --libexecdir=/usr/lib --without-included-gettext --enable-threads=posix --enable-nls --program-suffix=-4.0 --enable-__cxa_atexit --enable-clocale=gnu --enable-libstdcxx-debug --enable-java-awt=gtk-default --enable-gtk-cairo --with-java-home=/usr/lib/jvm/java-1.4.2-gcj-4.0-1.4.2.0/jre --enable-mpfr --disable-werror --with-tune=pentium4 --enable-checking=release i486-linux-gnu
Thread model: posix
gcc version 4.0.3 (Ubuntu 4.0.3-1ubuntu5)
configure:4399: $? = 0
configure:4401: g++ -V </dev/null >&5
g++: '-V' option must have argument
configure:4404: $? = 1
configure:4407: checking whether we are using the GNU C++ compiler
configure:4431: g++ -c   conftest.cc >&5
configure:4437: $? = 0
configure:4440: test -z 			 || test ! -s conftest.err
configure:4443: $? = 0
configure:4446: test -s conftest.o
configure:4449: $? = 0
configure:4462: result: yes
configure:4468: checking whether g++ accepts -g
configure:4489: g++ -c -g  conftest.cc >&5
configure:4495: $? = 0
configure:4498: test -z 			 || test ! -s conftest.err
configure:4501: $? = 0
configure:4504: test -s conftest.o
configure:4507: $? = 0
configure:4518: result: yes
configure:4560: g++ -c -g -O2  conftest.cc >&5
configure:4566: $? = 0
configure:4569: test -z 			 || test ! -s conftest.err
configure:4572: $? = 0
configure:4575: test -s conftest.o
configure:4578: $? = 0
configure:4604: g++ -c -g -O2  conftest.cc >&5
conftest.cc: In function 'int main()':
conftest.cc:16: error: 'exit' was not declared in this scope
configure:4610: $? = 1
configure: failed program was:
| /* confdefs.h.  */
| 
| #define PACKAGE_NAME ""
| #define PACKAGE_TARNAME ""
| #define PACKAGE_VERSION ""
| #define PACKAGE_STRING ""
| #define PACKAGE_BUGREPORT ""
| #define PACKAGE "AntBattleServer"
| #define VERSION "0.5.3"
| #define STDC_HEADERS 1
| /* end confdefs.h.  */
| 
| int
| main ()
| {
| exit (42);
|   ;
|   return 0;
| }
configure:4560: g++ -c -g -O2  conftest.cc >&5
configure:4566: $? = 0
configure:4569: test -z 			 || test ! -s conftest.err
configure:4572: $? = 0
configure:4575: test -s conftest.o
configure:4578: $? = 0
configure:4604: g++ -c -g -O2  conftest.cc >&5
configure:4610: $? = 0
configure:4613: test -z 			 || test ! -s conftest.err
configure:4616: $? = 0
configure:4619: test -s conftest.o
configure:4622: $? = 0
configure:4724: checking build system type
configure:4742: result: i686-pc-linux-gnu
configure:4750: checking host system type
configure:4764: result: i686-pc-linux-gnu
configure:4772: checking for a sed that does not truncate output
configure:4826: result: /bin/sed
configure:4840: checking for ld used by gcc
configure:4907: result: /usr/bin/ld
configure:4916: checking if the linker (/usr/bin/ld) is GNU ld
configure:4931: result: yes
configure:4936: checking for /usr/bin/ld option to reload object files
configure:4943: result: -r
configure:4961: checking for BSD-compatible nm
configure:5010: result: /usr/bin/nm -B
configure:5014: checking whether ln -s works
configure:5018: result: yes
configure:5025: checking how to recognise dependent libraries
configure:5201: result: pass_all
configure:5445: checking for sys/types.h
configure:5461: gcc -c -g -O2  conftest.c >&5
configure:5467: $? = 0
configure:5470: test -z 			 || test ! -s conftest.err
configure:5473: $? = 0
configure:5476: test -s conftest.o
configure:5479: $? = 0
configure:5490: result: yes
configure:5445: checking for sys/stat.h
configure:5461: gcc -c -g -O2  conftest.c >&5
configure:5467: $? = 0
configure:5470: test -z 			 || test ! -s conftest.err
configure:5473: $? = 0
configure:5476: test -s conftest.o
configure:5479: $? = 0
configure:5490: result: yes
configure:5445: checking for stdlib.h
configure:5461: gcc -c -g -O2  conftest.c >&5
configure:5467: $? = 0
configure:5470: test -z 			 || test ! -s conftest.err
configure:5473: $? = 0
configure:5476: test -s conftest.o
configure:5479: $? = 0
configure:5490: result: yes
configure:5445: checking for string.h
configure:5461: gcc -c -g -O2  conftest.c >&5
configure:5467: $? = 0
configure:5470: test -z 			 || test ! -s conftest.err
configure:5473: $? = 0
configure:5476: test -s conftest.o
configure:5479: $? = 0
configure:5490: result: yes
configure:5445: checking for memory.h
configure:5461: gcc -c -g -O2  conftest.c >&5
configure:5467: $? = 0
configure:5470: test -z 			 || test ! -s conftest.err
configure:5473: $? = 0
configure:5476: test -s conftest.o
configure:5479: $? = 0
configure:5490: result: yes
configure:5445: checking for strings.h
configure:5461: gcc -c -g -O2  conftest.c >&5
configure:5467: $? = 0
configure:5470: test -z 			 || test ! -s conftest.err
configure:5473: $? = 0
configure:5476: test -s conftest.o
configure:5479: $? = 0
configure:5490: result: yes
configure:5445: checking for inttypes.h
configure:5461: gcc -c -g -O2  conftest.c >&5
configure:5467: $? = 0
configure:5470: test -z 			 || test ! -s conftest.err
configure:5473: $? = 0
configure:5476: test -s conftest.o
configure:5479: $? = 0
configure:5490: result: yes
configure:5445: checking for stdint.h
configure:5461: gcc -c -g -O2  conftest.c >&5
configure:5467: $? = 0
configure:5470: test -z 			 || test ! -s conftest.err
configure:5473: $? = 0
configure:5476: test -s conftest.o
configure:5479: $? = 0
configure:5490: result: yes
configure:5445: checking for unistd.h
configure:5461: gcc -c -g -O2  conftest.c >&5
configure:5467: $? = 0
configure:5470: test -z 			 || test ! -s conftest.err
configure:5473: $? = 0
configure:5476: test -s conftest.o
configure:5479: $? = 0
configure:5490: result: yes
configure:5516: checking dlfcn.h usability
configure:5528: gcc -c -g -O2  conftest.c >&5
configure:5534: $? = 0
configure:5537: test -z 			 || test ! -s conftest.err
configure:5540: $? = 0
configure:5543: test -s conftest.o
configure:5546: $? = 0
configure:5556: result: yes
configure:5560: checking dlfcn.h presence
configure:5570: gcc -E  conftest.c
configure:5576: $? = 0
configure:5596: result: yes
configure:5631: checking for dlfcn.h
configure:5638: result: yes
configure:5661: checking how to run the C++ preprocessor
configure:5692: g++ -E  conftest.cc
configure:5698: $? = 0
configure:5730: g++ -E  conftest.cc
conftest.cc:25:28: error: ac_nonexistent.h: No such file or directory
configure:5736: $? = 1
configure: failed program was:
| /* confdefs.h.  */
| 
| #define PACKAGE_NAME ""
| #define PACKAGE_TARNAME ""
| #define PACKAGE_VERSION ""
| #define PACKAGE_STRING ""
| #define PACKAGE_BUGREPORT ""
| #define PACKAGE "AntBattleServer"
| #define VERSION "0.5.3"
| #define STDC_HEADERS 1
| #ifdef __cplusplus
| extern "C" void std::exit (int) throw (); using std::exit;
| #endif
| #define HAVE_SYS_TYPES_H 1
| #define HAVE_SYS_STAT_H 1
| #define HAVE_STDLIB_H 1
| #define HAVE_STRING_H 1
| #define HAVE_MEMORY_H 1
| #define HAVE_STRINGS_H 1
| #define HAVE_INTTYPES_H 1
| #define HAVE_STDINT_H 1
| #define HAVE_UNISTD_H 1
| #define HAVE_DLFCN_H 1
| /* end confdefs.h.  */
| #include <ac_nonexistent.h>
configure:5775: result: g++ -E
configure:5799: g++ -E  conftest.cc
configure:5805: $? = 0
configure:5837: g++ -E  conftest.cc
conftest.cc:25:28: error: ac_nonexistent.h: No such file or directory
configure:5843: $? = 1
configure: failed program was:
| /* confdefs.h.  */
| 
| #define PACKAGE_NAME ""
| #define PACKAGE_TARNAME ""
| #define PACKAGE_VERSION ""
| #define PACKAGE_STRING ""
| #define PACKAGE_BUGREPORT ""
| #define PACKAGE "AntBattleServer"
| #define VERSION "0.5.3"
| #define STDC_HEADERS 1
| #ifdef __cplusplus
| extern "C" void std::exit (int) throw (); using std::exit;
| #endif
| #define HAVE_SYS_TYPES_H 1
| #define HAVE_SYS_STAT_H 1
| #define HAVE_STDLIB_H 1
| #define HAVE_STRING_H 1
| #define HAVE_MEMORY_H 1
| #define HAVE_STRINGS_H 1
| #define HAVE_INTTYPES_H 1
| #define HAVE_STDINT_H 1
| #define HAVE_UNISTD_H 1
| #define HAVE_DLFCN_H 1
| /* end confdefs.h.  */
| #include <ac_nonexistent.h>
configure:5940: checking for g77
configure:5969: result: no
configure:5940: checking for f77
configure:5969: result: no
configure:5940: checking for xlf
configure:5969: result: no
configure:5940: checking for frt
configure:5969: result: no
configure:5940: checking for pgf77
configure:5969: result: no
configure:5940: checking for fort77
configure:5969: result: no
configure:5940: checking for fl32
configure:5969: result: no
configure:5940: checking for af77
configure:5969: result: no
configure:5940: checking for f90
configure:5969: result: no
configure:5940: checking for xlf90
configure:5969: result: no
configure:5940: checking for pgf90
configure:5969: result: no
configure:5940: checking for epcf90
configure:5969: result: no
configure:5940: checking for f95
configure:5969: result: no
configure:5940: checking for fort
configure:5969: result: no
configure:5940: checking for xlf95
configure:5969: result: no
configure:5940: checking for ifc
configure:5969: result: no
configure:5940: checking for efc
configure:5969: result: no
configure:5940: checking for pgf95
configure:5969: result: no
configure:5940: checking for lf95
configure:5969: result: no
configure:5940: checking for gfortran
configure:5969: result: no
configure:5981: checking for Fortran 77 compiler version
configure:5984:  --version </dev/null >&5
./configure: line 5985: --version: command not found
configure:5987: $? = 127
configure:5989:  -v </dev/null >&5
./configure: line 5990: -v: command not found
configure:5992: $? = 127
configure:5994:  -V </dev/null >&5
./configure: line 5995: -V: command not found
configure:5997: $? = 127
configure:6005: checking whether we are using the GNU Fortran 77 compiler
configure:6019:  -c  conftest.F >&5
./configure: line 6020: -c: command not found
configure:6025: $? = 127
configure: failed program was:
|       program main
| #ifndef __GNUC__
|        choke me
| #endif
| 
|       end
configure:6050: result: no
configure:6056: checking whether  accepts -g
configure:6068:  -c -g conftest.f >&5
./configure: line 6069: -c: command not found
configure:6074: $? = 127
configure: failed program was:
|       program main
| 
|       end
configure:6098: result: no
configure:6128: checking the maximum length of command line arguments
configure:6237: result: 32768
configure:6248: checking command to parse /usr/bin/nm -B output from gcc object
configure:6353: gcc -c -g -O2  conftest.c >&5
configure:6356: $? = 0
configure:6360: /usr/bin/nm -B conftest.o \| sed -n -e 's/^.*[ 	]\([ABCDGIRSTW][ABCDGIRSTW]*\)[ 	][ 	]*\([_A-Za-z][_A-Za-z0-9]*\)$/\1 \2 \2/p' \> conftest.nm
configure:6363: $? = 0
configure:6415: gcc -o conftest -g -O2   conftest.c conftstm.o >&5
configure:6418: $? = 0
configure:6456: result: ok
configure:6460: checking for objdir
configure:6475: result: .libs
configure:6565: checking for ar
configure:6581: found /usr/bin/ar
configure:6592: result: ar
configure:6645: checking for ranlib
configure:6661: found /usr/bin/ranlib
configure:6672: result: ranlib
configure:6725: checking for strip
configure:6741: found /usr/bin/strip
configure:6752: result: strip
configure:7024: checking if gcc supports -fno-rtti -fno-exceptions
configure:7042: gcc -c -g -O2  -fno-rtti -fno-exceptions conftest.c >&5
cc1: warning: command line option "-fno-rtti" is valid for C++/ObjC++ but not for C
configure:7046: $? = 0
configure:7059: result: no
configure:7074: checking for gcc option to produce PIC
configure:7284: result: -fPIC
configure:7292: checking if gcc PIC flag -fPIC works
configure:7310: gcc -c -g -O2  -fPIC -DPIC conftest.c >&5
configure:7314: $? = 0
configure:7327: result: yes
configure:7355: checking if gcc static flag -static works
configure:7383: result: yes
configure:7393: checking if gcc supports -c -o file.o
configure:7414: gcc -c -g -O2  -o out/conftest2.o conftest.c >&5
configure:7418: $? = 0
configure:7440: result: yes
configure:7466: checking whether the gcc linker (/usr/bin/ld) supports shared libraries
configure:8432: result: yes
configure:8453: checking whether -lc should be explicitly linked in
configure:8458: gcc -c -g -O2  conftest.c >&5
configure:8461: $? = 0
configure:8476: gcc -shared conftest.o  -v -Wl,-soname -Wl,conftest -o conftest 2\>\&1 \| grep  -lc  \>/dev/null 2\>\&1
configure:8479: $? = 0
configure:8491: result: no
configure:8499: checking dynamic linker characteristics
configure:9099: result: GNU/Linux ld.so
configure:9108: checking how to hardcode library paths into programs
configure:9133: result: immediate
configure:9147: checking whether stripping libraries is possible
configure:9152: result: yes
configure:9979: checking if libtool supports shared libraries
configure:9981: result: yes
configure:9984: checking whether to build shared libraries
configure:10005: result: yes
configure:10008: checking whether to build static libraries
configure:10012: result: yes
configure:10104: creating libtool
configure:10692: checking for ld used by g++
configure:10759: result: /usr/bin/ld
configure:10768: checking if the linker (/usr/bin/ld) is GNU ld
configure:10783: result: yes
configure:10834: checking whether the g++ linker (/usr/bin/ld) supports shared libraries
configure:11770: result: yes
configure:11788: g++ -c -g -O2  conftest.cpp >&5
configure:11791: $? = 0
configure:11910: checking for g++ option to produce PIC
configure:12184: result: -fPIC
configure:12192: checking if g++ PIC flag -fPIC works
configure:12210: g++ -c -g -O2  -fPIC -DPIC conftest.cpp >&5
configure:12214: $? = 0
configure:12227: result: yes
configure:12255: checking if g++ static flag -static works
configure:12283: result: yes
configure:12293: checking if g++ supports -c -o file.o
configure:12314: g++ -c -g -O2  -o out/conftest2.o conftest.cpp >&5
configure:12318: $? = 0
configure:12340: result: yes
configure:12366: checking whether the g++ linker (/usr/bin/ld) supports shared libraries
configure:12397: result: yes
configure:12464: checking dynamic linker characteristics
configure:13064: result: GNU/Linux ld.so
configure:13073: checking how to hardcode library paths into programs
configure:13098: result: immediate
configure:19453: creating ./config.status

## ---------------------- ##
## Running config.status. ##
## ---------------------- ##

This file was extended by config.status, which was
generated by GNU Autoconf 2.59.  Invocation command line was

  CONFIG_FILES    = 
  CONFIG_HEADERS  = 
  CONFIG_LINKS    = 
  CONFIG_COMMANDS = 
  $ ./config.status 

on linux

config.status:747: creating Makefile
config.status:747: creating include/Makefile
config.status:747: creating src/Makefile
config.status:813: creating config.h
config.status:1091: executing default-1 commands

## ---------------- ##
## Cache variables. ##
## ---------------- ##

ac_cv_build=i686-pc-linux-gnu
ac_cv_build_alias=i686-pc-linux-gnu
ac_cv_c_compiler_gnu=yes
ac_cv_cxx_compiler_gnu=yes
ac_cv_env_CC_set=
ac_cv_env_CC_value=
ac_cv_env_CFLAGS_set=
ac_cv_env_CFLAGS_value=
ac_cv_env_CPPFLAGS_set=
ac_cv_env_CPPFLAGS_value=
ac_cv_env_CPP_set=
ac_cv_env_CPP_value=
ac_cv_env_CXXCPP_set=
ac_cv_env_CXXCPP_value=
ac_cv_env_CXXFLAGS_set=
ac_cv_env_CXXFLAGS_value=
ac_cv_env_CXX_set=
ac_cv_env_CXX_value=
ac_cv_env_F77_set=
ac_cv_env_F77_value=
ac_cv_env_FFLAGS_set=
ac_cv_env_FFLAGS_value=
ac_cv_env_LDFLAGS_set=
ac_cv_env_LDFLAGS_value=
ac_cv_env_build_alias_set=
ac_cv_env_build_alias_value=
ac_cv_env_host_alias_set=
ac_cv_env_host_alias_value=
ac_cv_env_target_alias_set=
ac_cv_env_target_alias_value=
ac_cv_exeext=
ac_cv_f77_compiler_gnu=no
ac_cv_header_dlfcn_h=yes
ac_cv_header_inttypes_h=yes
ac_cv_header_memory_h=yes
ac_cv_header_stdc=yes
ac_cv_header_stdint_h=yes
ac_cv_header_stdlib_h=yes
ac_cv_header_string_h=yes
ac_cv_header_strings_h=yes
ac_cv_header_sys_stat_h=yes
ac_cv_header_sys_types_h=yes
ac_cv_header_unistd_h=yes
ac_cv_host=i686-pc-linux-gnu
ac_cv_host_alias=i686-pc-linux-gnu
ac_cv_lib_cposix_strerror=no
ac_cv_objext=o
ac_cv_path_install='/usr/bin/install -c'
ac_cv_prog_CPP='gcc -E'
ac_cv_prog_CXXCPP='g++ -E'
ac_cv_prog_ac_ct_AR=ar
ac_cv_prog_ac_ct_CC=gcc
ac_cv_prog_ac_ct_CXX=g++
ac_cv_prog_ac_ct_RANLIB=ranlib
ac_cv_prog_ac_ct_STRIP=strip
ac_cv_prog_cc_g=yes
ac_cv_prog_cc_stdc=
ac_cv_prog_cxx_g=yes
ac_cv_prog_egrep='grep -E'
ac_cv_prog_f77_g=no
ac_cv_prog_make_make_set=yes
am_cv_prog_cc_stdc=
lt_cv_deplibs_check_method=pass_all
lt_cv_file_magic_cmd='$MAGIC_CMD'
lt_cv_file_magic_test_file=
lt_cv_ld_reload_flag=-r
lt_cv_objdir=.libs
lt_cv_path_LD=/usr/bin/ld
lt_cv_path_LDCXX=/usr/bin/ld
lt_cv_path_NM='/usr/bin/nm -B'
lt_cv_path_SED=/bin/sed
lt_cv_prog_compiler_c_o=yes
lt_cv_prog_compiler_c_o_CXX=yes
lt_cv_prog_compiler_rtti_exceptions=no
lt_cv_prog_gnu_ld=yes
lt_cv_prog_gnu_ldcxx=yes
lt_cv_sys_global_symbol_pipe='sed -n -e '\''s/^.*[ 	]\([ABCDGIRSTW][ABCDGIRSTW]*\)[ 	][ 	]*\([_A-Za-z][_A-Za-z0-9]*\)$/\1 \2 \2/p'\'''
lt_cv_sys_global_symbol_to_c_name_address='sed -n -e '\''s/^: \([^ ]*\) $/  {\"\1\", (lt_ptr) 0},/p'\'' -e '\''s/^[BCDEGRST] \([^ ]*\) \([^ ]*\)$/  {"\2", (lt_ptr) \&\2},/p'\'''
lt_cv_sys_global_symbol_to_cdecl='sed -n -e '\''s/^. .* \(.*\)$/extern int \1;/p'\'''
lt_cv_sys_max_cmd_len=32768
lt_lt_cv_prog_compiler_c_o='"yes"'
lt_lt_cv_prog_compiler_c_o_CXX='"yes"'
lt_lt_cv_sys_global_symbol_pipe='"sed -n -e '\''s/^.*[ 	]\\([ABCDGIRSTW][ABCDGIRSTW]*\\)[ 	][ 	]*\\([_A-Za-z][_A-Za-z0-9]*\\)\$/\\1 \\2 \\2/p'\''"'
lt_lt_cv_sys_global_symbol_to_c_name_address='"sed -n -e '\''s/^: \\([^ ]*\\) \$/  {\\\"\\1\\\", (lt_ptr) 0},/p'\'' -e '\''s/^[BCDEGRST] \\([^ ]*\\) \\([^ ]*\\)\$/  {\"\\2\", (lt_ptr) \\&\\2},/p'\''"'
lt_lt_cv_sys_global_symbol_to_cdecl='"sed -n -e '\''s/^. .* \\(.*\\)\$/extern int \\1;/p'\''"'

## ----------------- ##
## Output variables. ##
## ----------------- ##

ACLOCAL='aclocal-1.4'
AR='ar'
AUTOCONF='autoconf'
AUTOHEADER='autoheader'
AUTOMAKE='automake-1.4'
CC='gcc'
CFLAGS='-g -O2'
CPP='gcc -E'
CPPFLAGS=''
CXX='g++'
CXXCPP='g++ -E'
CXXFLAGS='-g -O2'
DEFS='-DHAVE_CONFIG_H'
ECHO='echo'
ECHO_C=''
ECHO_N='-n'
ECHO_T=''
EGREP='grep -E'
EXEEXT=''
F77=''
FFLAGS=''
INSTALL_DATA='${INSTALL} -m 644'
INSTALL_PROGRAM='${INSTALL}'
INSTALL_SCRIPT='${INSTALL}'
LDFLAGS=''
LIBOBJS=''
LIBS=''
LIBTOOL='$(SHELL) $(top_builddir)/libtool'
LN_S='ln -s'
LTLIBOBJS=''
MAINT='#'
MAINTAINER_MODE_FALSE=''
MAINTAINER_MODE_TRUE='#'
MAKEINFO='/media/hda5/mick/projects/antbattle/missing makeinfo'
NO_PREFIX_PACKAGE_DATA_DIR='share'
NO_PREFIX_PACKAGE_DOC_DIR='doc/AntBattleServer'
NO_PREFIX_PACKAGE_HELP_DIR='share/help'
NO_PREFIX_PACKAGE_MENU_DIR='share'
NO_PREFIX_PACKAGE_PIXMAPS_DIR='share/pixmaps'
OBJEXT='o'
PACKAGE='AntBattleServer'
PACKAGE_BUGREPORT=''
PACKAGE_DATA_DIR='/usr/local/share'
PACKAGE_DOC_DIR='/usr/local/doc/AntBattleServer'
PACKAGE_HELP_DIR='/usr/local/share/help'
PACKAGE_MENU_DIR='/usr/local/share'
PACKAGE_NAME=''
PACKAGE_PIXMAPS_DIR='/usr/local/share/pixmaps'
PACKAGE_STRING=''
PACKAGE_TARNAME=''
PACKAGE_VERSION=''
PATH_SEPARATOR=':'
RANLIB='ranlib'
SET_MAKE=''
SHELL='/bin/sh'
STRIP='strip'
VERSION='0.5.3'
ac_ct_AR='ar'
ac_ct_CC='gcc'
ac_ct_CXX='g++'
ac_ct_F77=''
ac_ct_RANLIB='ranlib'
ac_ct_STRIP='strip'
bindir='${exec_prefix}/bin'
build='i686-pc-linux-gnu'
build_alias=''
build_cpu='i686'
build_os='linux-gnu'
build_vendor='pc'
datadir='${prefix}/share'
exec_prefix='${prefix}'
host='i686-pc-linux-gnu'
host_alias=''
host_cpu='i686'
host_os='linux-gnu'
host_vendor='pc'
includedir='${prefix}/include'
infodir='${prefix}/info'
libdir='${exec_prefix}/lib'
libexecdir='${exec_prefix}/libexec'
localstatedir='${prefix}/var'
mandir='${prefix}/man'
oldincludedir='/usr/include'
prefix='/usr/local'
program_transform_name='s,x,x,'
sbindir='${exec_prefix}/sbin'
sharedstatedir='${prefix}/com'
sysconfdir='${prefix}/etc'
target_alias=''

## ----------- ##
## confdefs.h. ##
## ----------- ##

#define HAVE_DLFCN_H 1
#define HAVE_INTTYPES_H 1
#define HAVE_MEMORY_H 1
#define HAVE_STDINT_H 1
#define HAVE_STDLIB_H 1
#define HAVE_STRINGS_H 1
#define HAVE_STRING_H 1
#define HAVE_SYS_STAT_H 1
#define HAVE_SYS_TYPES_H 1
#define HAVE_UNISTD_H 1
#define PACKAGE "AntBattleServer"
#define PACKAGE_BUGREPORT ""
#define PACKAGE_DATA_DIR "/usr/local/share"
#define PACKAGE_DOC_DIR "/usr/local/doc/AntBattleServer"
#define PACKAGE_HELP_DIR "/usr/local/share/help"
#define PACKAGE_MENU_DIR "/usr/local/share"
#define PACKAGE_NAME ""
#define PACKAGE_PIXMAPS_DIR "/usr/local/share/pixmaps"
#define PACKAGE_SOURCE_DIR "/media/hda5/mick/projects/antbattle"
#define PACKAGE_STRING ""
#define PACKAGE_TARNAME ""
#define PACKAGE_VERSION ""
#define STDC_HEADERS 1
#define VERSION "0.5.3"
#endif
#ifdef __cplusplus
extern "C" void std::exit (int) throw (); using std::exit;

configure: exit 0
